Simulation time: 56.4112 ms
CPU time per transition: 0.000526848
Simulation output:
Variable u[1] changes: 1
Variable u[2] changes: 1
Variable u[3] changes: 1
Variable u[4] changes: 1
Variable u[5] changes: 1
Variable u[6] changes: 1
Variable u[7] changes: 1
Variable u[8] changes: 1
Variable u[9] changes: 1
Variable u[10] changes: 1
Variable u[11] changes: 1
Variable u[12] changes: 1
Variable u[13] changes: 1
Variable u[14] changes: 1
Variable u[15] changes: 1
Variable u[16] changes: 1
Variable u[17] changes: 1
Variable u[18] changes: 1
Variable u[19] changes: 1
Variable u[20] changes: 1
Variable u[21] changes: 1
Variable u[22] changes: 1
Variable u[23] changes: 1
Variable u[24] changes: 1
Variable u[25] changes: 1
Variable u[26] changes: 1
Variable u[27] changes: 1
Variable u[28] changes: 1
Variable u[29] changes: 1
Variable u[30] changes: 1
Variable u[31] changes: 1
Variable u[32] changes: 1
Variable u[33] changes: 1
Variable u[34] changes: 1
Variable u[35] changes: 1
Variable u[36] changes: 1
Variable u[37] changes: 1
Variable u[38] changes: 1
Variable u[39] changes: 1
Variable u[40] changes: 1
Variable u[41] changes: 1
Variable u[42] changes: 1
Variable u[43] changes: 1
Variable u[44] changes: 1
Variable u[45] changes: 1
Variable u[46] changes: 1
Variable u[47] changes: 1
Variable u[48] changes: 1
Variable u[49] changes: 1
Variable u[50] changes: 1
Variable u[51] changes: 1
Variable u[52] changes: 1
Variable u[53] changes: 1
Variable u[54] changes: 1
Variable u[55] changes: 1
Variable u[56] changes: 1
Variable u[57] changes: 1
Variable u[58] changes: 1
Variable u[59] changes: 1
Variable u[60] changes: 1
Variable u[61] changes: 1
Variable u[62] changes: 1
Variable u[63] changes: 1
Variable u[64] changes: 1
Variable u[65] changes: 1
Variable u[66] changes: 1
Variable u[67] changes: 1
Variable u[68] changes: 1
Variable u[69] changes: 1
Variable u[70] changes: 1
Variable u[71] changes: 1
Variable u[72] changes: 1
Variable u[73] changes: 1
Variable u[74] changes: 1
Variable u[75] changes: 1
Variable u[76] changes: 1
Variable u[77] changes: 1
Variable u[78] changes: 1
Variable u[79] changes: 1
Variable u[80] changes: 1
Variable u[81] changes: 1
Variable u[82] changes: 1
Variable u[83] changes: 1
Variable u[84] changes: 1
Variable u[85] changes: 1
Variable u[86] changes: 1
Variable u[87] changes: 1
Variable u[88] changes: 1
Variable u[89] changes: 1
Variable u[90] changes: 1
Variable u[91] changes: 1
Variable u[92] changes: 1
Variable u[93] changes: 1
Variable u[94] changes: 1
Variable u[95] changes: 1
Variable u[96] changes: 1
Variable u[97] changes: 1
Variable u[98] changes: 1
Variable u[99] changes: 1
Variable u[100] changes: 1
Variable u[101] changes: 1
Variable u[102] changes: 1
Variable u[103] changes: 1
Variable u[104] changes: 1
Variable u[105] changes: 1
Variable u[106] changes: 1
Variable u[107] changes: 1
Variable u[108] changes: 1
Variable u[109] changes: 1
Variable u[110] changes: 1
Variable u[111] changes: 1
Variable u[112] changes: 1
Variable u[113] changes: 1
Variable u[114] changes: 1
Variable u[115] changes: 1
Variable u[116] changes: 1
Variable u[117] changes: 1
Variable u[118] changes: 1
Variable u[119] changes: 1
Variable u[120] changes: 1
Variable u[121] changes: 1
Variable u[122] changes: 1
Variable u[123] changes: 1
Variable u[124] changes: 1
Variable u[125] changes: 1
Variable u[126] changes: 1
Variable u[127] changes: 1
Variable u[128] changes: 1
Variable u[129] changes: 1
Variable u[130] changes: 1
Variable u[131] changes: 1
Variable u[132] changes: 1
Variable u[133] changes: 1
Variable u[134] changes: 1
Variable u[135] changes: 1
Variable u[136] changes: 1
Variable u[137] changes: 1
Variable u[138] changes: 1
Variable u[139] changes: 1
Variable u[140] changes: 1
Variable u[141] changes: 1
Variable u[142] changes: 1
Variable u[143] changes: 1
Variable u[144] changes: 1
Variable u[145] changes: 1
Variable u[146] changes: 1
Variable u[147] changes: 1
Variable u[148] changes: 1
Variable u[149] changes: 1
Variable u[150] changes: 1
Variable u[151] changes: 1
Variable u[152] changes: 1
Variable u[153] changes: 1
Variable u[154] changes: 1
Variable u[155] changes: 1
Variable u[156] changes: 1
Variable u[157] changes: 1
Variable u[158] changes: 1
Variable u[159] changes: 1
Variable u[160] changes: 1
Variable u[161] changes: 1
Variable u[162] changes: 1
Variable u[163] changes: 1
Variable u[164] changes: 1
Variable u[165] changes: 1
Variable u[166] changes: 1
Variable u[167] changes: 1
Variable u[168] changes: 1
Variable u[169] changes: 1
Variable u[170] changes: 1
Variable u[171] changes: 1
Variable u[172] changes: 1
Variable u[173] changes: 1
Variable u[174] changes: 1
Variable u[175] changes: 1
Variable u[176] changes: 1
Variable u[177] changes: 1
Variable u[178] changes: 1
Variable u[179] changes: 1
Variable u[180] changes: 1
Variable u[181] changes: 1
Variable u[182] changes: 1
Variable u[183] changes: 1
Variable u[184] changes: 1
Variable u[185] changes: 1
Variable u[186] changes: 1
Variable u[187] changes: 1
Variable u[188] changes: 1
Variable u[189] changes: 1
Variable u[190] changes: 1
Variable u[191] changes: 1
Variable u[192] changes: 1
Variable u[193] changes: 1
Variable u[194] changes: 1
Variable u[195] changes: 1
Variable u[196] changes: 1
Variable u[197] changes: 1
Variable u[198] changes: 1
Variable u[199] changes: 1
Variable u[200] changes: 1
Variable u[201] changes: 1
Variable u[202] changes: 1
Variable u[203] changes: 1
Variable u[204] changes: 1
Variable u[205] changes: 1
Variable u[206] changes: 1
Variable u[207] changes: 1
Variable u[208] changes: 1
Variable u[209] changes: 1
Variable u[210] changes: 1
Variable u[211] changes: 1
Variable u[212] changes: 1
Variable u[213] changes: 1
Variable u[214] changes: 1
Variable u[215] changes: 1
Variable u[216] changes: 1
Variable u[217] changes: 1
Variable u[218] changes: 1
Variable u[219] changes: 1
Variable u[220] changes: 1
Variable u[221] changes: 1
Variable u[222] changes: 1
Variable u[223] changes: 1
Variable u[224] changes: 1
Variable u[225] changes: 1
Variable u[226] changes: 1
Variable u[227] changes: 1
Variable u[228] changes: 1
Variable u[229] changes: 1
Variable u[230] changes: 1
Variable u[231] changes: 1
Variable u[232] changes: 1
Variable u[233] changes: 1
Variable u[234] changes: 1
Variable u[235] changes: 1
Variable u[236] changes: 1
Variable u[237] changes: 1
Variable u[238] changes: 1
Variable u[239] changes: 1
Variable u[240] changes: 1
Variable u[241] changes: 1
Variable u[242] changes: 1
Variable u[243] changes: 1
Variable u[244] changes: 1
Variable u[245] changes: 1
Variable u[246] changes: 1
Variable u[247] changes: 1
Variable u[248] changes: 1
Variable u[249] changes: 1
Variable u[250] changes: 1
Variable u[251] changes: 1
Variable u[252] changes: 1
Variable u[253] changes: 1
Variable u[254] changes: 1
Variable u[255] changes: 1
Variable u[256] changes: 1
Variable u[257] changes: 1
Variable u[258] changes: 1
Variable u[259] changes: 1
Variable u[260] changes: 1
Variable u[261] changes: 1
Variable u[262] changes: 1
Variable u[263] changes: 1
Variable u[264] changes: 1
Variable u[265] changes: 1
Variable u[266] changes: 1
Variable u[267] changes: 1
Variable u[268] changes: 1
Variable u[269] changes: 1
Variable u[270] changes: 1
Variable u[271] changes: 1
Variable u[272] changes: 1
Variable u[273] changes: 1
Variable u[274] changes: 1
Variable u[275] changes: 1
Variable u[276] changes: 1
Variable u[277] changes: 1
Variable u[278] changes: 1
Variable u[279] changes: 1
Variable u[280] changes: 1
Variable u[281] changes: 1
Variable u[282] changes: 1
Variable u[283] changes: 1
Variable u[284] changes: 1
Variable u[285] changes: 1
Variable u[286] changes: 1
Variable u[287] changes: 1
Variable u[288] changes: 1
Variable u[289] changes: 1
Variable u[290] changes: 1
Variable u[291] changes: 1
Variable u[292] changes: 1
Variable u[293] changes: 1
Variable u[294] changes: 1
Variable u[295] changes: 1
Variable u[296] changes: 1
Variable u[297] changes: 1
Variable u[298] changes: 1
Variable u[299] changes: 1
Variable u[300] changes: 1
Variable u[301] changes: 1
Variable u[302] changes: 1
Variable u[303] changes: 1
Variable u[304] changes: 1
Variable u[305] changes: 1
Variable u[306] changes: 1
Variable u[307] changes: 1
Variable u[308] changes: 1
Variable u[309] changes: 1
Variable u[310] changes: 1
Variable u[311] changes: 1
Variable u[312] changes: 1
Variable u[313] changes: 1
Variable u[314] changes: 1
Variable u[315] changes: 1
Variable u[316] changes: 1
Variable u[317] changes: 1
Variable u[318] changes: 1
Variable u[319] changes: 1
Variable u[320] changes: 1
Variable u[321] changes: 1
Variable u[322] changes: 1
Variable u[323] changes: 1
Variable u[324] changes: 1
Variable u[325] changes: 1
Variable u[326] changes: 1
Variable u[327] changes: 1
Variable u[328] changes: 1
Variable u[329] changes: 1
Variable u[330] changes: 1
Variable u[331] changes: 20
Variable u[332] changes: 33
Variable u[333] changes: 41
Variable u[334] changes: 92
Variable u[335] changes: 101
Variable u[336] changes: 125
Variable u[337] changes: 142
Variable u[338] changes: 138
Variable u[339] changes: 147
Variable u[340] changes: 153
Variable u[341] changes: 169
Variable u[342] changes: 183
Variable u[343] changes: 173
Variable u[344] changes: 201
Variable u[345] changes: 220
Variable u[346] changes: 186
Variable u[347] changes: 180
Variable u[348] changes: 195
Variable u[349] changes: 178
Variable u[350] changes: 189
Variable u[351] changes: 186
Variable u[352] changes: 164
Variable u[353] changes: 148
Variable u[354] changes: 177
Variable u[355] changes: 186
Variable u[356] changes: 201
Variable u[357] changes: 220
Variable u[358] changes: 206
Variable u[359] changes: 191
Variable u[360] changes: 176
Variable u[361] changes: 177
Variable u[362] changes: 167
Variable u[363] changes: 190
Variable u[364] changes: 199
Variable u[365] changes: 228
Variable u[366] changes: 213
Variable u[367] changes: 197
Variable u[368] changes: 205
Variable u[369] changes: 194
Variable u[370] changes: 172
Variable u[371] changes: 169
Variable u[372] changes: 144
Variable u[373] changes: 152
Variable u[374] changes: 151
Variable u[375] changes: 144
Variable u[376] changes: 142
Variable u[377] changes: 123
Variable u[378] changes: 126
Variable u[379] changes: 118
Variable u[380] changes: 110
Variable u[381] changes: 109
Variable u[382] changes: 106
Variable u[383] changes: 106
Variable u[384] changes: 109
Variable u[385] changes: 115
Variable u[386] changes: 109
Variable u[387] changes: 100
Variable u[388] changes: 102
Variable u[389] changes: 120
Variable u[390] changes: 184
Variable u[391] changes: 200
Variable u[392] changes: 173
Variable u[393] changes: 187
Variable u[394] changes: 141
Variable u[395] changes: 153
Variable u[396] changes: 145
Variable u[397] changes: 182
Variable u[398] changes: 259
Variable u[399] changes: 282
Variable u[400] changes: 228
Variable u[401] changes: 251
Variable u[402] changes: 231
Variable u[403] changes: 177
Variable u[404] changes: 218
Variable u[405] changes: 213
Variable u[406] changes: 250
Variable u[407] changes: 259
Variable u[408] changes: 242
Variable u[409] changes: 216
Variable u[410] changes: 161
Variable u[411] changes: 124
Variable u[412] changes: 140
Variable u[413] changes: 203
Variable u[414] changes: 224
Variable u[415] changes: 196
Variable u[416] changes: 172
Variable u[417] changes: 156
Variable u[418] changes: 135
Variable u[419] changes: 144
Variable u[420] changes: 156
Variable u[421] changes: 176
Variable u[422] changes: 188
Variable u[423] changes: 238
Variable u[424] changes: 246
Variable u[425] changes: 237
Variable u[426] changes: 252
Variable u[427] changes: 206
Variable u[428] changes: 197
Variable u[429] changes: 181
Variable u[430] changes: 156
Variable u[431] changes: 142
Variable u[432] changes: 138
Variable u[433] changes: 131
Variable u[434] changes: 124
Variable u[435] changes: 132
Variable u[436] changes: 147
Variable u[437] changes: 156
Variable u[438] changes: 180
Variable u[439] changes: 179
Variable u[440] changes: 175
Variable u[441] changes: 197
Variable u[442] changes: 156
Variable u[443] changes: 142
Variable u[444] changes: 143
Variable u[445] changes: 137
Variable u[446] changes: 132
Variable u[447] changes: 137
Variable u[448] changes: 140
Variable u[449] changes: 154
Variable u[450] changes: 180
Variable u[451] changes: 186
Variable u[452] changes: 168
Variable u[453] changes: 175
Variable u[454] changes: 209
Variable u[455] changes: 210
Variable u[456] changes: 205
Variable u[457] changes: 184
Variable u[458] changes: 243
Variable u[459] changes: 243
Variable u[460] changes: 186
Variable u[461] changes: 185
Variable u[462] changes: 187
Variable u[463] changes: 183
Variable u[464] changes: 130
Variable u[465] changes: 133
Variable u[466] changes: 134
Variable u[467] changes: 120
Variable u[468] changes: 125
Variable u[469] changes: 152
Variable u[470] changes: 173
Variable u[471] changes: 140
Variable u[472] changes: 114
Variable u[473] changes: 148
Variable u[474] changes: 177
Variable u[475] changes: 174
Variable u[476] changes: 129
Variable u[477] changes: 119
Variable u[478] changes: 127
Variable u[479] changes: 123
Variable u[480] changes: 126
Variable u[481] changes: 127
Variable u[482] changes: 144
Variable u[483] changes: 159
Variable u[484] changes: 140
Variable u[485] changes: 90
Variable u[486] changes: 102
Variable u[487] changes: 120
Variable u[488] changes: 127
Variable u[489] changes: 112
Variable u[490] changes: 109
Variable u[491] changes: 108
Variable u[492] changes: 125
Variable u[493] changes: 136
Variable u[494] changes: 125
Variable u[495] changes: 123
Variable u[496] changes: 117
Variable u[497] changes: 140
Variable u[498] changes: 165
Variable u[499] changes: 172
Variable u[500] changes: 190
Variable u[501] changes: 179
Variable u[502] changes: 155
Variable u[503] changes: 171
Variable u[504] changes: 177
Variable u[505] changes: 167
Variable u[506] changes: 155
Variable u[507] changes: 131
Variable u[508] changes: 135
Variable u[509] changes: 137
Variable u[510] changes: 126
Variable u[511] changes: 109
Variable u[512] changes: 133
Variable u[513] changes: 137
Variable u[514] changes: 149
Variable u[515] changes: 138
Variable u[516] changes: 138
Variable u[517] changes: 162
Variable u[518] changes: 163
Variable u[519] changes: 141
Variable u[520] changes: 138
Variable u[521] changes: 158
Variable u[522] changes: 147
Variable u[523] changes: 128
Variable u[524] changes: 173
Variable u[525] changes: 223
Variable u[526] changes: 221
Variable u[527] changes: 187
Variable u[528] changes: 150
Variable u[529] changes: 107
Variable u[530] changes: 107
Variable u[531] changes: 140
Variable u[532] changes: 161
Variable u[533] changes: 184
Variable u[534] changes: 231
Variable u[535] changes: 281
Variable u[536] changes: 286
Variable u[537] changes: 290
Variable u[538] changes: 292
Variable u[539] changes: 253
Variable u[540] changes: 228
Variable u[541] changes: 198
Variable u[542] changes: 159
Variable u[543] changes: 169
Variable u[544] changes: 160
Variable u[545] changes: 160
Variable u[546] changes: 173
Variable u[547] changes: 151
Variable u[548] changes: 145
Variable u[549] changes: 145
Variable u[550] changes: 141
Variable u[551] changes: 128
Variable u[552] changes: 100
Variable u[553] changes: 85
Variable u[554] changes: 96
Variable u[555] changes: 109
Variable u[556] changes: 103
Variable u[557] changes: 90
Variable u[558] changes: 120
Variable u[559] changes: 139
Variable u[560] changes: 155
Variable u[561] changes: 177
Variable u[562] changes: 187
Variable u[563] changes: 161
Variable u[564] changes: 139
Variable u[565] changes: 160
Variable u[566] changes: 169
Variable u[567] changes: 198
Variable u[568] changes: 194
Variable u[569] changes: 178
Variable u[570] changes: 187
Variable u[571] changes: 184
Variable u[572] changes: 166
Variable u[573] changes: 153
Variable u[574] changes: 152
Variable u[575] changes: 176
Variable u[576] changes: 171
Variable u[577] changes: 191
Variable u[578] changes: 192
Variable u[579] changes: 185
Variable u[580] changes: 197
Variable u[581] changes: 195
Variable u[582] changes: 197
Variable u[583] changes: 184
Variable u[584] changes: 158
Variable u[585] changes: 121
Variable u[586] changes: 122
Variable u[587] changes: 125
Variable u[588] changes: 117
Variable u[589] changes: 115
Variable u[590] changes: 101
Variable u[591] changes: 84
Variable u[592] changes: 92
Variable u[593] changes: 102
Variable u[594] changes: 122
Variable u[595] changes: 135
Variable u[596] changes: 142
Variable u[597] changes: 136
Variable u[598] changes: 135
Variable u[599] changes: 134
Variable u[600] changes: 104
Variable u[601] changes: 119
Variable u[602] changes: 129
Variable u[603] changes: 151
Variable u[604] changes: 134
Variable u[605] changes: 142
Variable u[606] changes: 154
Variable u[607] changes: 153
Variable u[608] changes: 165
Variable u[609] changes: 194
Variable u[610] changes: 193
Variable u[611] changes: 224
Variable u[612] changes: 248
Variable u[613] changes: 269
Variable u[614] changes: 271
Variable u[615] changes: 241
Variable u[616] changes: 205
Variable u[617] changes: 204
Variable u[618] changes: 214
Variable u[619] changes: 208
Variable u[620] changes: 186
Variable u[621] changes: 188
Variable u[622] changes: 174
Variable u[623] changes: 168
Variable u[624] changes: 209
Variable u[625] changes: 250
Variable u[626] changes: 242
Variable u[627] changes: 208
Variable u[628] changes: 205
Variable u[629] changes: 201
Variable u[630] changes: 176
Variable u[631] changes: 199
Variable u[632] changes: 191
Variable u[633] changes: 198
Variable u[634] changes: 192
Variable u[635] changes: 172
Variable u[636] changes: 202
Variable u[637] changes: 222
Variable u[638] changes: 250
Variable u[639] changes: 274
Variable u[640] changes: 254
Variable u[641] changes: 256
Variable u[642] changes: 247
Variable u[643] changes: 227
Variable u[644] changes: 213
Variable u[645] changes: 205
Variable u[646] changes: 186
Variable u[647] changes: 211
Variable u[648] changes: 200
Variable u[649] changes: 213
Variable u[650] changes: 275
Variable u[651] changes: 222
Variable u[652] changes: 239
Variable u[653] changes: 229
Variable u[654] changes: 189
Variable u[655] changes: 186
Variable u[656] changes: 218
Variable u[657] changes: 210
Variable u[658] changes: 148
Variable u[659] changes: 116
Variable u[660] changes: 123
Variable u[661] changes: 113
Variable u[662] changes: 127
Variable u[663] changes: 137
Variable u[664] changes: 147
Variable u[665] changes: 158
Variable u[666] changes: 169
Variable u[667] changes: 158
Variable u[668] changes: 151
Variable u[669] changes: 188
Variable u[670] changes: 201
Variable u[671] changes: 198
Variable u[672] changes: 176
Variable u[673] changes: 158
Variable u[674] changes: 190
Variable u[675] changes: 192
Variable u[676] changes: 122
Variable u[677] changes: 117
Variable u[678] changes: 130
Variable u[679] changes: 154
Variable u[680] changes: 186
Variable u[681] changes: 207
Variable u[682] changes: 171
Variable u[683] changes: 151
Variable u[684] changes: 169
Variable u[685] changes: 175
Variable u[686] changes: 180
Variable u[687] changes: 165
Variable u[688] changes: 177
Variable u[689] changes: 186
Variable u[690] changes: 169
Variable u[691] changes: 160
Variable u[692] changes: 139
Variable u[693] changes: 118
Variable u[694] changes: 109
Variable u[695] changes: 102
Variable u[696] changes: 125
Variable u[697] changes: 138
Variable u[698] changes: 155
Variable u[699] changes: 186
Variable u[700] changes: 187
Variable u[701] changes: 141
Variable u[702] changes: 117
Variable u[703] changes: 92
Variable u[704] changes: 92
Variable u[705] changes: 86
Variable u[706] changes: 79
Variable u[707] changes: 78
Variable u[708] changes: 82
Variable u[709] changes: 85
Variable u[710] changes: 112
Variable u[711] changes: 148
Variable u[712] changes: 152
Variable u[713] changes: 173
Variable u[714] changes: 165
Variable u[715] changes: 188
Variable u[716] changes: 197
Variable u[717] changes: 193
Variable u[718] changes: 176
Variable u[719] changes: 161
Variable u[720] changes: 192
Variable u[721] changes: 203
Variable u[722] changes: 164
Variable u[723] changes: 144
Variable u[724] changes: 132
Variable u[725] changes: 125
Variable u[726] changes: 135
Variable u[727] changes: 138
Variable u[728] changes: 128
Variable u[729] changes: 139
Variable u[730] changes: 193
Variable u[731] changes: 204
Variable u[732] changes: 179
Variable u[733] changes: 162
Variable u[734] changes: 163
Variable u[735] changes: 152
Variable u[736] changes: 170
Variable u[737] changes: 201
Variable u[738] changes: 212
Variable u[739] changes: 205
Variable u[740] changes: 192
Variable u[741] changes: 221
Variable u[742] changes: 211
Variable u[743] changes: 187
Variable u[744] changes: 182
Variable u[745] changes: 186
Variable u[746] changes: 172
Variable u[747] changes: 176
Variable u[748] changes: 180
Variable u[749] changes: 181
Variable u[750] changes: 181
Variable u[751] changes: 181
Variable u[752] changes: 184
Variable u[753] changes: 165
Variable u[754] changes: 167
Variable u[755] changes: 153
Variable u[756] changes: 149
Variable u[757] changes: 162
Variable u[758] changes: 161
Variable u[759] changes: 168
Variable u[760] changes: 175
Variable u[761] changes: 185
Variable u[762] changes: 164
Variable u[763] changes: 153
Variable u[764] changes: 181
Variable u[765] changes: 125
Variable u[766] changes: 111
Variable u[767] changes: 133
Variable u[768] changes: 136
Variable u[769] changes: 151
Variable u[770] changes: 143
Variable u[771] changes: 137
Variable u[772] changes: 131
Variable u[773] changes: 140
Variable u[774] changes: 174
Variable u[775] changes: 159
Variable u[776] changes: 123
Variable u[777] changes: 101
Variable u[778] changes: 89
Variable u[779] changes: 90
Variable u[780] changes: 100
Variable u[781] changes: 129
Variable u[782] changes: 132
Variable u[783] changes: 115
Variable u[784] changes: 126
Variable u[785] changes: 116
Variable u[786] changes: 133
Variable u[787] changes: 141
Variable u[788] changes: 148
Variable u[789] changes: 137
Variable u[790] changes: 149
Variable u[791] changes: 150
Variable u[792] changes: 152
Variable u[793] changes: 164
Variable u[794] changes: 161
Variable u[795] changes: 169
Variable u[796] changes: 176
Variable u[797] changes: 163
Variable u[798] changes: 161
Variable u[799] changes: 141
Variable u[800] changes: 150
Variable u[801] changes: 162
Variable u[802] changes: 169
Variable u[803] changes: 206
Variable u[804] changes: 205
Variable u[805] changes: 198
Variable u[806] changes: 202
Variable u[807] changes: 191
Variable u[808] changes: 167
Variable u[809] changes: 154
Variable u[810] changes: 127
Variable u[811] changes: 118
Variable u[812] changes: 133
Variable u[813] changes: 143
Variable u[814] changes: 143
Variable u[815] changes: 155
Variable u[816] changes: 135
Variable u[817] changes: 126
Variable u[818] changes: 102
Variable u[819] changes: 100
Variable u[820] changes: 111
Variable u[821] changes: 111
Variable u[822] changes: 128
Variable u[823] changes: 145
Variable u[824] changes: 179
Variable u[825] changes: 167
Variable u[826] changes: 145
Variable u[827] changes: 145
Variable u[828] changes: 183
Variable u[829] changes: 183
Variable u[830] changes: 168
Variable u[831] changes: 176
Variable u[832] changes: 173
Variable u[833] changes: 141
Variable u[834] changes: 124
Variable u[835] changes: 120
Variable u[836] changes: 125
Variable u[837] changes: 132
Variable u[838] changes: 131
Variable u[839] changes: 143
Variable u[840] changes: 131
Variable u[841] changes: 121
Variable u[842] changes: 125
Variable u[843] changes: 127
Variable u[844] changes: 117
Variable u[845] changes: 120
Variable u[846] changes: 126
Variable u[847] changes: 125
Variable u[848] changes: 121
Variable u[849] changes: 160
Variable u[850] changes: 191
Variable u[851] changes: 167
Variable u[852] changes: 141
Variable u[853] changes: 132
Variable u[854] changes: 133
Variable u[855] changes: 114
Variable u[856] changes: 120
Variable u[857] changes: 125
Variable u[858] changes: 132
Variable u[859] changes: 156
Variable u[860] changes: 195
Variable u[861] changes: 187
Variable u[862] changes: 147
Variable u[863] changes: 138
Variable u[864] changes: 118
Variable u[865] changes: 128
Variable u[866] changes: 180
Variable u[867] changes: 196
Variable u[868] changes: 193
Variable u[869] changes: 212
Variable u[870] changes: 141
Variable u[871] changes: 165
Variable u[872] changes: 152
Variable u[873] changes: 162
Variable u[874] changes: 187
Variable u[875] changes: 193
Variable u[876] changes: 184
Variable u[877] changes: 194
Variable u[878] changes: 199
Variable u[879] changes: 188
Variable u[880] changes: 172
Variable u[881] changes: 173
Variable u[882] changes: 166
Variable u[883] changes: 234
Variable u[884] changes: 260
Variable u[885] changes: 229
Variable u[886] changes: 204
Variable u[887] changes: 171
Variable u[888] changes: 166
Variable u[889] changes: 174
Variable u[890] changes: 184
Variable u[891] changes: 187
Variable u[892] changes: 186
Variable u[893] changes: 166
Variable u[894] changes: 141
Variable u[895] changes: 116
Variable u[896] changes: 92
Variable u[897] changes: 84
Variable u[898] changes: 117
Variable u[899] changes: 143
Variable u[900] changes: 150
Variable u[901] changes: 126
Variable u[902] changes: 114
Variable u[903] changes: 127
Variable u[904] changes: 155
Variable u[905] changes: 167
Variable u[906] changes: 143
Variable u[907] changes: 129
Variable u[908] changes: 164
Variable u[909] changes: 196
Variable u[910] changes: 205
Variable u[911] changes: 223
Variable u[912] changes: 232
Variable u[913] changes: 209
Variable u[914] changes: 137
Variable u[915] changes: 135
Variable u[916] changes: 140
Variable u[917] changes: 151
Variable u[918] changes: 130
Variable u[919] changes: 114
Variable u[920] changes: 106
Variable u[921] changes: 99
Variable u[922] changes: 123
Variable u[923] changes: 125
Variable u[924] changes: 138
Variable u[925] changes: 145
Variable u[926] changes: 138
Variable u[927] changes: 145
Variable u[928] changes: 131
Variable u[929] changes: 132
Variable u[930] changes: 134
Variable u[931] changes: 158
Variable u[932] changes: 180
Variable u[933] changes: 190
Variable u[934] changes: 210
Variable u[935] changes: 184
Variable u[936] changes: 173
Variable u[937] changes: 172
Variable u[938] changes: 185
Variable u[939] changes: 196
Variable u[940] changes: 199
Variable u[941] changes: 190
Variable u[942] changes: 163
Variable u[943] changes: 145
Variable u[944] changes: 130
Variable u[945] changes: 150
Variable u[946] changes: 148
Variable u[947] changes: 138
Variable u[948] changes: 150
Variable u[949] changes: 156
Variable u[950] changes: 133
Variable u[951] changes: 162
Variable u[952] changes: 151
Variable u[953] changes: 128
Variable u[954] changes: 143
Variable u[955] changes: 155
Variable u[956] changes: 164
Variable u[957] changes: 163
Variable u[958] changes: 175
Variable u[959] changes: 159
Variable u[960] changes: 185
Variable u[961] changes: 219
Variable u[962] changes: 211
Variable u[963] changes: 181
Variable u[964] changes: 173
Variable u[965] changes: 131
Variable u[966] changes: 141
Variable u[967] changes: 147
Variable u[968] changes: 171
Variable u[969] changes: 167
Variable u[970] changes: 158
Variable u[971] changes: 152
Variable u[972] changes: 145
Variable u[973] changes: 147
Variable u[974] changes: 126
Variable u[975] changes: 119
Variable u[976] changes: 107
Variable u[977] changes: 119
Variable u[978] changes: 113
Variable u[979] changes: 120
Variable u[980] changes: 127
Variable u[981] changes: 112
Variable u[982] changes: 108
Variable u[983] changes: 128
Variable u[984] changes: 126
Variable u[985] changes: 134
Variable u[986] changes: 173
Variable u[987] changes: 190
Variable u[988] changes: 154
Variable u[989] changes: 139
Variable u[990] changes: 175
Variable u[991] changes: 165
Variable u[992] changes: 165
Variable u[993] changes: 159
Variable u[994] changes: 127
Variable u[995] changes: 122
Variable u[996] changes: 122
Variable u[997] changes: 126
Variable u[998] changes: 136
Variable u[999] changes: 143
Variable u[1000] changes: 119
Simulation transitions: 107073
Initialization time: 437.072 ms
Save data time: 151.789 ms
Total time: 645.272 ms

