Simulation time: 2247.54 ms
CPU time per transition: 0.00128641
Simulation output:
Variable u[1] changes: 246
Variable u[2] changes: 272
Variable u[3] changes: 1081272
Variable u[4] changes: 250
Variable u[5] changes: 243
Variable u[6] changes: 218
Variable u[7] changes: 132
Variable u[8] changes: 86
Variable u[9] changes: 71
Variable u[10] changes: 58
Variable u[11] changes: 48
Variable u[12] changes: 36
Variable u[13] changes: 34
Variable u[14] changes: 25
Variable u[15] changes: 14
Variable u[16] changes: 9
Variable u[17] changes: 3
Variable u[18] changes: 1
Variable u[19] changes: 1
Variable u[20] changes: 1
Variable u[21] changes: 1
Variable u[22] changes: 1
Variable u[23] changes: 1
Variable u[24] changes: 1
Variable u[25] changes: 1
Variable u[26] changes: 1
Variable u[27] changes: 1
Variable u[28] changes: 1
Variable u[29] changes: 1
Variable u[30] changes: 1
Variable u[31] changes: 1
Variable u[32] changes: 1
Variable u[33] changes: 1
Variable u[34] changes: 1
Variable u[35] changes: 1
Variable u[36] changes: 1
Variable u[37] changes: 1
Variable u[38] changes: 1
Variable u[39] changes: 1
Variable u[40] changes: 1
Variable u[41] changes: 1
Variable u[42] changes: 1
Variable u[43] changes: 1
Variable u[44] changes: 1
Variable u[45] changes: 1
Variable u[46] changes: 1
Variable u[47] changes: 1
Variable u[48] changes: 1
Variable u[49] changes: 1
Variable u[50] changes: 1
Variable u[51] changes: 1
Variable u[52] changes: 1
Variable u[53] changes: 1
Variable u[54] changes: 1
Variable u[55] changes: 1
Variable u[56] changes: 1
Variable u[57] changes: 1
Variable u[58] changes: 1
Variable u[59] changes: 1
Variable u[60] changes: 1
Variable u[61] changes: 1
Variable u[62] changes: 1
Variable u[63] changes: 1
Variable u[64] changes: 1
Variable u[65] changes: 1
Variable u[66] changes: 1
Variable u[67] changes: 1
Variable u[68] changes: 1
Variable u[69] changes: 1
Variable u[70] changes: 1
Variable u[71] changes: 1
Variable u[72] changes: 1
Variable u[73] changes: 1
Variable u[74] changes: 1
Variable u[75] changes: 1
Variable u[76] changes: 1
Variable u[77] changes: 1
Variable u[78] changes: 1
Variable u[79] changes: 1
Variable u[80] changes: 1
Variable u[81] changes: 1
Variable u[82] changes: 1
Variable u[83] changes: 1
Variable u[84] changes: 1
Variable u[85] changes: 1
Variable u[86] changes: 1
Variable u[87] changes: 1
Variable u[88] changes: 1
Variable u[89] changes: 1
Variable u[90] changes: 1
Variable u[91] changes: 1
Variable u[92] changes: 1
Variable u[93] changes: 1
Variable u[94] changes: 1
Variable u[95] changes: 1
Variable u[96] changes: 1
Variable u[97] changes: 1
Variable u[98] changes: 1
Variable u[99] changes: 1
Variable u[100] changes: 1
Variable u[101] changes: 1
Variable u[102] changes: 1
Variable u[103] changes: 1
Variable u[104] changes: 1
Variable u[105] changes: 1
Variable u[106] changes: 1
Variable u[107] changes: 1
Variable u[108] changes: 1
Variable u[109] changes: 1
Variable u[110] changes: 1
Variable u[111] changes: 1
Variable u[112] changes: 1
Variable u[113] changes: 1
Variable u[114] changes: 1
Variable u[115] changes: 1
Variable u[116] changes: 1
Variable u[117] changes: 1
Variable u[118] changes: 1
Variable u[119] changes: 1
Variable u[120] changes: 1
Variable u[121] changes: 1
Variable u[122] changes: 1
Variable u[123] changes: 1
Variable u[124] changes: 1
Variable u[125] changes: 1
Variable u[126] changes: 1
Variable u[127] changes: 1
Variable u[128] changes: 1
Variable u[129] changes: 1
Variable u[130] changes: 1
Variable u[131] changes: 1
Variable u[132] changes: 1
Variable u[133] changes: 1
Variable u[134] changes: 1
Variable u[135] changes: 1
Variable u[136] changes: 1
Variable u[137] changes: 1
Variable u[138] changes: 1
Variable u[139] changes: 1
Variable u[140] changes: 1
Variable u[141] changes: 1
Variable u[142] changes: 1
Variable u[143] changes: 1
Variable u[144] changes: 1
Variable u[145] changes: 1
Variable u[146] changes: 1
Variable u[147] changes: 1
Variable u[148] changes: 1
Variable u[149] changes: 1
Variable u[150] changes: 1
Variable u[151] changes: 1
Variable u[152] changes: 1
Variable u[153] changes: 1
Variable u[154] changes: 1
Variable u[155] changes: 1
Variable u[156] changes: 1
Variable u[157] changes: 1
Variable u[158] changes: 1
Variable u[159] changes: 1
Variable u[160] changes: 1
Variable u[161] changes: 1
Variable u[162] changes: 1
Variable u[163] changes: 1
Variable u[164] changes: 1
Variable u[165] changes: 1
Variable u[166] changes: 1
Variable u[167] changes: 1
Variable u[168] changes: 1
Variable u[169] changes: 1
Variable u[170] changes: 1
Variable u[171] changes: 1
Variable u[172] changes: 1
Variable u[173] changes: 1
Variable u[174] changes: 1
Variable u[175] changes: 1
Variable u[176] changes: 1
Variable u[177] changes: 1
Variable u[178] changes: 1
Variable u[179] changes: 1
Variable u[180] changes: 1
Variable u[181] changes: 1
Variable u[182] changes: 1
Variable u[183] changes: 1
Variable u[184] changes: 1
Variable u[185] changes: 1
Variable u[186] changes: 1
Variable u[187] changes: 1
Variable u[188] changes: 1
Variable u[189] changes: 1
Variable u[190] changes: 1
Variable u[191] changes: 1
Variable u[192] changes: 1
Variable u[193] changes: 1
Variable u[194] changes: 1
Variable u[195] changes: 1
Variable u[196] changes: 1
Variable u[197] changes: 1
Variable u[198] changes: 1
Variable u[199] changes: 1
Variable u[200] changes: 1
Variable u[201] changes: 1
Variable u[202] changes: 1
Variable u[203] changes: 1
Variable u[204] changes: 1
Variable u[205] changes: 1
Variable u[206] changes: 1
Variable u[207] changes: 1
Variable u[208] changes: 1
Variable u[209] changes: 1
Variable u[210] changes: 1
Variable u[211] changes: 1
Variable u[212] changes: 1
Variable u[213] changes: 1
Variable u[214] changes: 1
Variable u[215] changes: 1
Variable u[216] changes: 1
Variable u[217] changes: 1
Variable u[218] changes: 1
Variable u[219] changes: 1
Variable u[220] changes: 1
Variable u[221] changes: 1
Variable u[222] changes: 1
Variable u[223] changes: 1
Variable u[224] changes: 1
Variable u[225] changes: 1
Variable u[226] changes: 1
Variable u[227] changes: 1
Variable u[228] changes: 1
Variable u[229] changes: 1
Variable u[230] changes: 1
Variable u[231] changes: 1
Variable u[232] changes: 1
Variable u[233] changes: 1
Variable u[234] changes: 1
Variable u[235] changes: 1
Variable u[236] changes: 1
Variable u[237] changes: 1
Variable u[238] changes: 1
Variable u[239] changes: 1
Variable u[240] changes: 1
Variable u[241] changes: 1
Variable u[242] changes: 1
Variable u[243] changes: 1
Variable u[244] changes: 1
Variable u[245] changes: 1
Variable u[246] changes: 1
Variable u[247] changes: 1
Variable u[248] changes: 1
Variable u[249] changes: 1
Variable u[250] changes: 1
Variable u[251] changes: 1
Variable u[252] changes: 1
Variable u[253] changes: 1
Variable u[254] changes: 1
Variable u[255] changes: 1
Variable u[256] changes: 1
Variable u[257] changes: 1
Variable u[258] changes: 1
Variable u[259] changes: 1
Variable u[260] changes: 1
Variable u[261] changes: 1
Variable u[262] changes: 1
Variable u[263] changes: 1
Variable u[264] changes: 1
Variable u[265] changes: 1
Variable u[266] changes: 1
Variable u[267] changes: 1
Variable u[268] changes: 1
Variable u[269] changes: 1
Variable u[270] changes: 1
Variable u[271] changes: 1
Variable u[272] changes: 1
Variable u[273] changes: 1
Variable u[274] changes: 1
Variable u[275] changes: 1
Variable u[276] changes: 1
Variable u[277] changes: 1
Variable u[278] changes: 1
Variable u[279] changes: 1
Variable u[280] changes: 1
Variable u[281] changes: 1
Variable u[282] changes: 1
Variable u[283] changes: 1
Variable u[284] changes: 1
Variable u[285] changes: 1
Variable u[286] changes: 1
Variable u[287] changes: 1
Variable u[288] changes: 1
Variable u[289] changes: 1
Variable u[290] changes: 1
Variable u[291] changes: 1
Variable u[292] changes: 1
Variable u[293] changes: 1
Variable u[294] changes: 1
Variable u[295] changes: 1
Variable u[296] changes: 1
Variable u[297] changes: 1
Variable u[298] changes: 1
Variable u[299] changes: 1
Variable u[300] changes: 1
Variable u[301] changes: 1
Variable u[302] changes: 1
Variable u[303] changes: 1
Variable u[304] changes: 1
Variable u[305] changes: 1
Variable u[306] changes: 1
Variable u[307] changes: 1
Variable u[308] changes: 1
Variable u[309] changes: 1
Variable u[310] changes: 1
Variable u[311] changes: 1
Variable u[312] changes: 1
Variable u[313] changes: 1
Variable u[314] changes: 1
Variable u[315] changes: 1
Variable u[316] changes: 1
Variable u[317] changes: 1
Variable u[318] changes: 1
Variable u[319] changes: 1
Variable u[320] changes: 1
Variable u[321] changes: 1
Variable u[322] changes: 1
Variable u[323] changes: 1
Variable u[324] changes: 1
Variable u[325] changes: 1
Variable u[326] changes: 1
Variable u[327] changes: 1
Variable u[328] changes: 1
Variable u[329] changes: 26
Variable u[330] changes: 76
Variable u[331] changes: 130
Variable u[332] changes: 187
Variable u[333] changes: 2276
Variable u[334] changes: 937
Variable u[335] changes: 927
Variable u[336] changes: 980
Variable u[337] changes: 1005
Variable u[338] changes: 1018
Variable u[339] changes: 995
Variable u[340] changes: 931
Variable u[341] changes: 866
Variable u[342] changes: 835
Variable u[343] changes: 840
Variable u[344] changes: 837
Variable u[345] changes: 836
Variable u[346] changes: 835
Variable u[347] changes: 833
Variable u[348] changes: 831
Variable u[349] changes: 834
Variable u[350] changes: 835
Variable u[351] changes: 834
Variable u[352] changes: 842
Variable u[353] changes: 866
Variable u[354] changes: 886
Variable u[355] changes: 906
Variable u[356] changes: 933
Variable u[357] changes: 1031
Variable u[358] changes: 1140
Variable u[359] changes: 1158
Variable u[360] changes: 1131
Variable u[361] changes: 1107
Variable u[362] changes: 1072
Variable u[363] changes: 1060
Variable u[364] changes: 1058
Variable u[365] changes: 1048
Variable u[366] changes: 1024
Variable u[367] changes: 974
Variable u[368] changes: 951
Variable u[369] changes: 949
Variable u[370] changes: 967
Variable u[371] changes: 1043
Variable u[372] changes: 1083
Variable u[373] changes: 1099
Variable u[374] changes: 1055
Variable u[375] changes: 939
Variable u[376] changes: 861
Variable u[377] changes: 852
Variable u[378] changes: 854
Variable u[379] changes: 856
Variable u[380] changes: 855
Variable u[381] changes: 863
Variable u[382] changes: 873
Variable u[383] changes: 861
Variable u[384] changes: 852
Variable u[385] changes: 851
Variable u[386] changes: 850
Variable u[387] changes: 871
Variable u[388] changes: 942
Variable u[389] changes: 940
Variable u[390] changes: 974
Variable u[391] changes: 994
Variable u[392] changes: 1020
Variable u[393] changes: 1069
Variable u[394] changes: 1073
Variable u[395] changes: 1059
Variable u[396] changes: 1037
Variable u[397] changes: 965
Variable u[398] changes: 941
Variable u[399] changes: 967
Variable u[400] changes: 977
Variable u[401] changes: 980
Variable u[402] changes: 952
Variable u[403] changes: 949
Variable u[404] changes: 972
Variable u[405] changes: 970
Variable u[406] changes: 968
Variable u[407] changes: 1012
Variable u[408] changes: 1051
Variable u[409] changes: 1036
Variable u[410] changes: 1006
Variable u[411] changes: 1077
Variable u[412] changes: 1104
Variable u[413] changes: 1056
Variable u[414] changes: 991
Variable u[415] changes: 966
Variable u[416] changes: 949
Variable u[417] changes: 919
Variable u[418] changes: 955
Variable u[419] changes: 980
Variable u[420] changes: 1008
Variable u[421] changes: 1030
Variable u[422] changes: 1015
Variable u[423] changes: 957
Variable u[424] changes: 900
Variable u[425] changes: 891
Variable u[426] changes: 877
Variable u[427] changes: 885
Variable u[428] changes: 893
Variable u[429] changes: 903
Variable u[430] changes: 898
Variable u[431] changes: 873
Variable u[432] changes: 856
Variable u[433] changes: 861
Variable u[434] changes: 870
Variable u[435] changes: 878
Variable u[436] changes: 882
Variable u[437] changes: 903
Variable u[438] changes: 920
Variable u[439] changes: 935
Variable u[440] changes: 949
Variable u[441] changes: 923
Variable u[442] changes: 904
Variable u[443] changes: 895
Variable u[444] changes: 869
Variable u[445] changes: 842
Variable u[446] changes: 855
Variable u[447] changes: 847
Variable u[448] changes: 871
Variable u[449] changes: 888
Variable u[450] changes: 887
Variable u[451] changes: 860
Variable u[452] changes: 840
Variable u[453] changes: 877
Variable u[454] changes: 889
Variable u[455] changes: 890
Variable u[456] changes: 924
Variable u[457] changes: 948
Variable u[458] changes: 952
Variable u[459] changes: 982
Variable u[460] changes: 1036
Variable u[461] changes: 1083
Variable u[462] changes: 1138
Variable u[463] changes: 1187
Variable u[464] changes: 1167
Variable u[465] changes: 1144
Variable u[466] changes: 1130
Variable u[467] changes: 1102
Variable u[468] changes: 1080
Variable u[469] changes: 1088
Variable u[470] changes: 1030
Variable u[471] changes: 994
Variable u[472] changes: 960
Variable u[473] changes: 931
Variable u[474] changes: 920
Variable u[475] changes: 920
Variable u[476] changes: 927
Variable u[477] changes: 942
Variable u[478] changes: 943
Variable u[479] changes: 926
Variable u[480] changes: 920
Variable u[481] changes: 917
Variable u[482] changes: 915
Variable u[483] changes: 924
Variable u[484] changes: 976
Variable u[485] changes: 1026
Variable u[486] changes: 1055
Variable u[487] changes: 1051
Variable u[488] changes: 1023
Variable u[489] changes: 992
Variable u[490] changes: 966
Variable u[491] changes: 937
Variable u[492] changes: 935
Variable u[493] changes: 966
Variable u[494] changes: 991
Variable u[495] changes: 1010
Variable u[496] changes: 996
Variable u[497] changes: 988
Variable u[498] changes: 954
Variable u[499] changes: 909
Variable u[500] changes: 882
Variable u[501] changes: 867
Variable u[502] changes: 887
Variable u[503] changes: 920
Variable u[504] changes: 999
Variable u[505] changes: 1023
Variable u[506] changes: 1061
Variable u[507] changes: 1186
Variable u[508] changes: 1297
Variable u[509] changes: 1394
Variable u[510] changes: 1365
Variable u[511] changes: 1325
Variable u[512] changes: 1230
Variable u[513] changes: 1120
Variable u[514] changes: 1100
Variable u[515] changes: 1050
Variable u[516] changes: 1067
Variable u[517] changes: 1142
Variable u[518] changes: 1167
Variable u[519] changes: 1185
Variable u[520] changes: 1218
Variable u[521] changes: 1218
Variable u[522] changes: 1253
Variable u[523] changes: 1199
Variable u[524] changes: 1130
Variable u[525] changes: 1088
Variable u[526] changes: 1108
Variable u[527] changes: 1209
Variable u[528] changes: 1275
Variable u[529] changes: 1317
Variable u[530] changes: 1339
Variable u[531] changes: 1396
Variable u[532] changes: 1359
Variable u[533] changes: 1274
Variable u[534] changes: 1182
Variable u[535] changes: 1055
Variable u[536] changes: 1029
Variable u[537] changes: 1018
Variable u[538] changes: 983
Variable u[539] changes: 938
Variable u[540] changes: 926
Variable u[541] changes: 920
Variable u[542] changes: 913
Variable u[543] changes: 969
Variable u[544] changes: 1009
Variable u[545] changes: 1032
Variable u[546] changes: 1050
Variable u[547] changes: 1092
Variable u[548] changes: 1042
Variable u[549] changes: 1016
Variable u[550] changes: 1064
Variable u[551] changes: 1078
Variable u[552] changes: 1073
Variable u[553] changes: 1077
Variable u[554] changes: 1077
Variable u[555] changes: 1055
Variable u[556] changes: 1030
Variable u[557] changes: 1092
Variable u[558] changes: 1117
Variable u[559] changes: 1099
Variable u[560] changes: 1065
Variable u[561] changes: 1005
Variable u[562] changes: 932
Variable u[563] changes: 875
Variable u[564] changes: 855
Variable u[565] changes: 852
Variable u[566] changes: 850
Variable u[567] changes: 859
Variable u[568] changes: 861
Variable u[569] changes: 862
Variable u[570] changes: 861
Variable u[571] changes: 878
Variable u[572] changes: 892
Variable u[573] changes: 881
Variable u[574] changes: 878
Variable u[575] changes: 907
Variable u[576] changes: 967
Variable u[577] changes: 999
Variable u[578] changes: 1034
Variable u[579] changes: 1047
Variable u[580] changes: 1019
Variable u[581] changes: 961
Variable u[582] changes: 897
Variable u[583] changes: 901
Variable u[584] changes: 924
Variable u[585] changes: 914
Variable u[586] changes: 910
Variable u[587] changes: 901
Variable u[588] changes: 903
Variable u[589] changes: 898
Variable u[590] changes: 924
Variable u[591] changes: 930
Variable u[592] changes: 922
Variable u[593] changes: 898
Variable u[594] changes: 928
Variable u[595] changes: 1013
Variable u[596] changes: 1052
Variable u[597] changes: 1056
Variable u[598] changes: 1081
Variable u[599] changes: 1080
Variable u[600] changes: 1051
Variable u[601] changes: 1014
Variable u[602] changes: 978
Variable u[603] changes: 940
Variable u[604] changes: 897
Variable u[605] changes: 892
Variable u[606] changes: 888
Variable u[607] changes: 902
Variable u[608] changes: 916
Variable u[609] changes: 914
Variable u[610] changes: 906
Variable u[611] changes: 906
Variable u[612] changes: 934
Variable u[613] changes: 953
Variable u[614] changes: 993
Variable u[615] changes: 1008
Variable u[616] changes: 1039
Variable u[617] changes: 1020
Variable u[618] changes: 1015
Variable u[619] changes: 1040
Variable u[620] changes: 1039
Variable u[621] changes: 1025
Variable u[622] changes: 988
Variable u[623] changes: 978
Variable u[624] changes: 973
Variable u[625] changes: 983
Variable u[626] changes: 971
Variable u[627] changes: 969
Variable u[628] changes: 1012
Variable u[629] changes: 1017
Variable u[630] changes: 983
Variable u[631] changes: 965
Variable u[632] changes: 1048
Variable u[633] changes: 1113
Variable u[634] changes: 1203
Variable u[635] changes: 1247
Variable u[636] changes: 1272
Variable u[637] changes: 1297
Variable u[638] changes: 1252
Variable u[639] changes: 1154
Variable u[640] changes: 1075
Variable u[641] changes: 1105
Variable u[642] changes: 1172
Variable u[643] changes: 1145
Variable u[644] changes: 1097
Variable u[645] changes: 1117
Variable u[646] changes: 1130
Variable u[647] changes: 1184
Variable u[648] changes: 1201
Variable u[649] changes: 1204
Variable u[650] changes: 1169
Variable u[651] changes: 1102
Variable u[652] changes: 1030
Variable u[653] changes: 958
Variable u[654] changes: 886
Variable u[655] changes: 851
Variable u[656] changes: 848
Variable u[657] changes: 850
Variable u[658] changes: 854
Variable u[659] changes: 854
Variable u[660] changes: 848
Variable u[661] changes: 853
Variable u[662] changes: 860
Variable u[663] changes: 856
Variable u[664] changes: 843
Variable u[665] changes: 843
Variable u[666] changes: 842
Variable u[667] changes: 837
Variable u[668] changes: 840
Variable u[669] changes: 843
Variable u[670] changes: 842
Variable u[671] changes: 844
Variable u[672] changes: 844
Variable u[673] changes: 843
Variable u[674] changes: 839
Variable u[675] changes: 846
Variable u[676] changes: 844
Variable u[677] changes: 843
Variable u[678] changes: 841
Variable u[679] changes: 838
Variable u[680] changes: 840
Variable u[681] changes: 839
Variable u[682] changes: 842
Variable u[683] changes: 854
Variable u[684] changes: 913
Variable u[685] changes: 947
Variable u[686] changes: 968
Variable u[687] changes: 963
Variable u[688] changes: 947
Variable u[689] changes: 914
Variable u[690] changes: 868
Variable u[691] changes: 913
Variable u[692] changes: 933
Variable u[693] changes: 951
Variable u[694] changes: 1005
Variable u[695] changes: 1005
Variable u[696] changes: 987
Variable u[697] changes: 956
Variable u[698] changes: 953
Variable u[699] changes: 1006
Variable u[700] changes: 1039
Variable u[701] changes: 1014
Variable u[702] changes: 972
Variable u[703] changes: 913
Variable u[704] changes: 929
Variable u[705] changes: 1000
Variable u[706] changes: 1016
Variable u[707] changes: 1031
Variable u[708] changes: 1063
Variable u[709] changes: 1060
Variable u[710] changes: 1017
Variable u[711] changes: 1001
Variable u[712] changes: 1003
Variable u[713] changes: 997
Variable u[714] changes: 987
Variable u[715] changes: 971
Variable u[716] changes: 966
Variable u[717] changes: 957
Variable u[718] changes: 929
Variable u[719] changes: 933
Variable u[720] changes: 940
Variable u[721] changes: 946
Variable u[722] changes: 945
Variable u[723] changes: 952
Variable u[724] changes: 935
Variable u[725] changes: 954
Variable u[726] changes: 956
Variable u[727] changes: 932
Variable u[728] changes: 953
Variable u[729] changes: 997
Variable u[730] changes: 1030
Variable u[731] changes: 1052
Variable u[732] changes: 1114
Variable u[733] changes: 1111
Variable u[734] changes: 1069
Variable u[735] changes: 1032
Variable u[736] changes: 997
Variable u[737] changes: 1037
Variable u[738] changes: 1023
Variable u[739] changes: 1094
Variable u[740] changes: 1097
Variable u[741] changes: 1039
Variable u[742] changes: 1019
Variable u[743] changes: 1037
Variable u[744] changes: 1079
Variable u[745] changes: 1104
Variable u[746] changes: 1094
Variable u[747] changes: 1098
Variable u[748] changes: 1030
Variable u[749] changes: 977
Variable u[750] changes: 979
Variable u[751] changes: 997
Variable u[752] changes: 1003
Variable u[753] changes: 1018
Variable u[754] changes: 1015
Variable u[755] changes: 1003
Variable u[756] changes: 1033
Variable u[757] changes: 1075
Variable u[758] changes: 1067
Variable u[759] changes: 1077
Variable u[760] changes: 1078
Variable u[761] changes: 1042
Variable u[762] changes: 1070
Variable u[763] changes: 1073
Variable u[764] changes: 1090
Variable u[765] changes: 1160
Variable u[766] changes: 1176
Variable u[767] changes: 1117
Variable u[768] changes: 1126
Variable u[769] changes: 1116
Variable u[770] changes: 1086
Variable u[771] changes: 1044
Variable u[772] changes: 993
Variable u[773] changes: 1026
Variable u[774] changes: 1046
Variable u[775] changes: 1031
Variable u[776] changes: 1050
Variable u[777] changes: 1037
Variable u[778] changes: 1019
Variable u[779] changes: 1011
Variable u[780] changes: 963
Variable u[781] changes: 940
Variable u[782] changes: 916
Variable u[783] changes: 907
Variable u[784] changes: 875
Variable u[785] changes: 843
Variable u[786] changes: 840
Variable u[787] changes: 869
Variable u[788] changes: 880
Variable u[789] changes: 915
Variable u[790] changes: 984
Variable u[791] changes: 1048
Variable u[792] changes: 1083
Variable u[793] changes: 1119
Variable u[794] changes: 1118
Variable u[795] changes: 1095
Variable u[796] changes: 1068
Variable u[797] changes: 1055
Variable u[798] changes: 998
Variable u[799] changes: 911
Variable u[800] changes: 890
Variable u[801] changes: 927
Variable u[802] changes: 930
Variable u[803] changes: 902
Variable u[804] changes: 880
Variable u[805] changes: 877
Variable u[806] changes: 875
Variable u[807] changes: 888
Variable u[808] changes: 908
Variable u[809] changes: 958
Variable u[810] changes: 976
Variable u[811] changes: 958
Variable u[812] changes: 954
Variable u[813] changes: 964
Variable u[814] changes: 1019
Variable u[815] changes: 1030
Variable u[816] changes: 1042
Variable u[817] changes: 1043
Variable u[818] changes: 1044
Variable u[819] changes: 1157
Variable u[820] changes: 1237
Variable u[821] changes: 1227
Variable u[822] changes: 1169
Variable u[823] changes: 1104
Variable u[824] changes: 1094
Variable u[825] changes: 1094
Variable u[826] changes: 1083
Variable u[827] changes: 1035
Variable u[828] changes: 1024
Variable u[829] changes: 1004
Variable u[830] changes: 980
Variable u[831] changes: 959
Variable u[832] changes: 941
Variable u[833] changes: 934
Variable u[834] changes: 922
Variable u[835] changes: 909
Variable u[836] changes: 883
Variable u[837] changes: 858
Variable u[838] changes: 846
Variable u[839] changes: 845
Variable u[840] changes: 847
Variable u[841] changes: 861
Variable u[842] changes: 882
Variable u[843] changes: 895
Variable u[844] changes: 902
Variable u[845] changes: 895
Variable u[846] changes: 870
Variable u[847] changes: 873
Variable u[848] changes: 889
Variable u[849] changes: 894
Variable u[850] changes: 892
Variable u[851] changes: 930
Variable u[852] changes: 977
Variable u[853] changes: 964
Variable u[854] changes: 942
Variable u[855] changes: 992
Variable u[856] changes: 1016
Variable u[857] changes: 1078
Variable u[858] changes: 1103
Variable u[859] changes: 1148
Variable u[860] changes: 1187
Variable u[861] changes: 1130
Variable u[862] changes: 1164
Variable u[863] changes: 1166
Variable u[864] changes: 1178
Variable u[865] changes: 1179
Variable u[866] changes: 1121
Variable u[867] changes: 1120
Variable u[868] changes: 1087
Variable u[869] changes: 1022
Variable u[870] changes: 1046
Variable u[871] changes: 1053
Variable u[872] changes: 1030
Variable u[873] changes: 1032
Variable u[874] changes: 1010
Variable u[875] changes: 984
Variable u[876] changes: 984
Variable u[877] changes: 970
Variable u[878] changes: 954
Variable u[879] changes: 993
Variable u[880] changes: 1003
Variable u[881] changes: 996
Variable u[882] changes: 1020
Variable u[883] changes: 1025
Variable u[884] changes: 1028
Variable u[885] changes: 1016
Variable u[886] changes: 1002
Variable u[887] changes: 971
Variable u[888] changes: 930
Variable u[889] changes: 951
Variable u[890] changes: 994
Variable u[891] changes: 1025
Variable u[892] changes: 1035
Variable u[893] changes: 1074
Variable u[894] changes: 1112
Variable u[895] changes: 1099
Variable u[896] changes: 1080
Variable u[897] changes: 1138
Variable u[898] changes: 1154
Variable u[899] changes: 1168
Variable u[900] changes: 1141
Variable u[901] changes: 1105
Variable u[902] changes: 1123
Variable u[903] changes: 1192
Variable u[904] changes: 1228
Variable u[905] changes: 1228
Variable u[906] changes: 1226
Variable u[907] changes: 1219
Variable u[908] changes: 1166
Variable u[909] changes: 1124
Variable u[910] changes: 1072
Variable u[911] changes: 988
Variable u[912] changes: 941
Variable u[913] changes: 915
Variable u[914] changes: 888
Variable u[915] changes: 873
Variable u[916] changes: 846
Variable u[917] changes: 976
Variable u[918] changes: 1059
Variable u[919] changes: 1066
Variable u[920] changes: 1070
Variable u[921] changes: 1074
Variable u[922] changes: 1063
Variable u[923] changes: 1035
Variable u[924] changes: 1025
Variable u[925] changes: 1025
Variable u[926] changes: 1018
Variable u[927] changes: 966
Variable u[928] changes: 920
Variable u[929] changes: 915
Variable u[930] changes: 883
Variable u[931] changes: 881
Variable u[932] changes: 899
Variable u[933] changes: 939
Variable u[934] changes: 972
Variable u[935] changes: 995
Variable u[936] changes: 1001
Variable u[937] changes: 1041
Variable u[938] changes: 1036
Variable u[939] changes: 1022
Variable u[940] changes: 999
Variable u[941] changes: 994
Variable u[942] changes: 966
Variable u[943] changes: 929
Variable u[944] changes: 926
Variable u[945] changes: 908
Variable u[946] changes: 904
Variable u[947] changes: 906
Variable u[948] changes: 914
Variable u[949] changes: 935
Variable u[950] changes: 938
Variable u[951] changes: 979
Variable u[952] changes: 991
Variable u[953] changes: 979
Variable u[954] changes: 993
Variable u[955] changes: 968
Variable u[956] changes: 962
Variable u[957] changes: 958
Variable u[958] changes: 959
Variable u[959] changes: 1004
Variable u[960] changes: 1004
Variable u[961] changes: 999
Variable u[962] changes: 1019
Variable u[963] changes: 1056
Variable u[964] changes: 1097
Variable u[965] changes: 1102
Variable u[966] changes: 1073
Variable u[967] changes: 1054
Variable u[968] changes: 1047
Variable u[969] changes: 995
Variable u[970] changes: 952
Variable u[971] changes: 930
Variable u[972] changes: 912
Variable u[973] changes: 940
Variable u[974] changes: 946
Variable u[975] changes: 933
Variable u[976] changes: 933
Variable u[977] changes: 961
Variable u[978] changes: 1008
Variable u[979] changes: 1054
Variable u[980] changes: 1046
Variable u[981] changes: 1046
Variable u[982] changes: 1055
Variable u[983] changes: 1038
Variable u[984] changes: 987
Variable u[985] changes: 971
Variable u[986] changes: 1019
Variable u[987] changes: 1050
Variable u[988] changes: 1013
Variable u[989] changes: 948
Variable u[990] changes: 917
Variable u[991] changes: 909
Variable u[992] changes: 886
Variable u[993] changes: 872
Variable u[994] changes: 902
Variable u[995] changes: 911
Variable u[996] changes: 917
Variable u[997] changes: 942
Variable u[998] changes: 899
Variable u[999] changes: 883
Variable u[1000] changes: 859
Simulation transitions: 1747138
Initialization time: 286.262 ms
Save data time: 1303.07 ms
Total time: 3836.88 ms

